c:\users\shajay.b\source\repos\alice2017\alice_platform\x64\release\vc141.pdb
c:\users\shajay.b\source\repos\alice2017\alice_platform\x64\release\statistics.obj
c:\users\shajay.b\source\repos\alice2017\alice_platform\x64\release\specialfunctions.obj
c:\users\shajay.b\source\repos\alice2017\alice_platform\x64\release\solvers.obj
c:\users\shajay.b\source\repos\alice2017\alice_platform\x64\release\optimization.obj
c:\users\shajay.b\source\repos\alice2017\alice_platform\x64\release\linalg.obj
c:\users\shajay.b\source\repos\alice2017\alice_platform\x64\release\interpolation.obj
c:\users\shajay.b\source\repos\alice2017\alice_platform\x64\release\integration.obj
c:\users\shajay.b\source\repos\alice2017\alice_platform\x64\release\fasttransforms.obj
c:\users\shajay.b\source\repos\alice2017\alice_platform\x64\release\diffequations.obj
c:\users\shajay.b\source\repos\alice2017\alice_platform\x64\release\dataanalysis.obj
c:\users\shajay.b\source\repos\alice2017\alice_platform\x64\release\ap.obj
c:\users\shajay.b\source\repos\alice2017\alice_platform\x64\release\alglibmisc.obj
c:\users\shajay.b\source\repos\alice2017\alice_platform\x64\release\alglibinternal.obj
c:\users\shajay.b\source\repos\alice2017\alice_platform\x64\release\sketch_alglibtest.obj
c:\users\shajay.b\source\repos\alice2017\alice_platform\x64\release\clipper.obj
c:\users\shajay.b\source\repos\alice2017\alice_platform\x64\release\sketch_barysubdivide.obj
c:\users\shajay.b\source\repos\alice2017\alice_platform\x64\release\sketch_commandstacktest.obj
c:\users\shajay.b\source\repos\alice2017\alice_platform\x64\release\sketch_contours.obj
c:\users\shajay.b\source\repos\alice2017\alice_platform\x64\release\sketch_contours_v2.obj
c:\users\shajay.b\source\repos\alice2017\alice_platform\x64\release\sketch_convexhull_graham.obj
c:\users\shajay.b\source\repos\alice2017\alice_platform\x64\release\sketch_convexhull_test.obj
c:\users\shajay.b\source\repos\alice2017\alice_platform\x64\release\sketch_corep_v1.obj
c:\users\shajay.b\source\repos\alice2017\alice_platform\x64\release\sketch_crosssection0.obj
c:\users\shajay.b\source\repos\alice2017\alice_platform\x64\release\sketch_libgizmo_test.obj
c:\users\shajay.b\source\repos\alice2017\alice_platform\x64\release\sketch_linesegment_intersect.obj
c:\users\shajay.b\source\repos\alice2017\alice_platform\x64\release\sketch_metameshtester_graphoffset.obj
c:\users\shajay.b\source\repos\alice2017\alice_platform\x64\release\sketch_picking.obj
c:\users\shajay.b\source\repos\alice2017\alice_platform\x64\release\sketch_polyclippertest.obj
c:\users\shajay.b\source\repos\alice2017\alice_platform\x64\release\sketch_polygonlintersection_class.obj
c:\users\shajay.b\source\repos\alice2017\alice_platform\x64\release\sketch_polyhedralintersection.obj
c:\users\shajay.b\source\repos\alice2017\alice_platform\x64\release\sketch_populategragh_v2.obj
c:\users\shajay.b\source\repos\alice2017\alice_platform\x64\release\sketch_populategraph.obj
c:\users\shajay.b\source\repos\alice2017\alice_platform\x64\release\sketch_printstackgenerator.obj
c:\users\shajay.b\source\repos\alice2017\alice_platform\x64\release\sketch_printstackgenerator_2.obj
c:\users\shajay.b\source\repos\alice2017\alice_platform\x64\release\sketch_quickhull.obj
c:\users\shajay.b\source\repos\alice2017\alice_platform\x64\release\sketch_rbe_test.obj
c:\users\shajay.b\source\repos\alice2017\alice_platform\x64\release\sketch_rendermeshtest.obj
c:\users\shajay.b\source\repos\alice2017\alice_platform\x64\release\sketch_rigidcubesim.obj
c:\users\shajay.b\source\repos\alice2017\alice_platform\x64\release\sketch_threerigidcubes.obj
c:\users\shajay.b\source\repos\alice2017\alice_platform\x64\release\sketch_two_rectangles.obj
c:\users\shajay.b\source\repos\alice2017\alice_platform\x64\release\alice_platform.pdb
c:\users\shajay.b\source\repos\alice2017\alice_platform\x64\release\alice_pl.1fef191e.tlog\cl.command.1.tlog
c:\users\shajay.b\source\repos\alice2017\alice_platform\x64\release\alice_pl.1fef191e.tlog\cl.read.1.tlog
c:\users\shajay.b\source\repos\alice2017\alice_platform\x64\release\alice_pl.1fef191e.tlog\cl.write.1.tlog
c:\users\shajay.b\source\repos\alice2017\alice_platform\x64\release\alice_pl.1fef191e.tlog\link.command.1.tlog
c:\users\shajay.b\source\repos\alice2017\alice_platform\x64\release\alice_pl.1fef191e.tlog\link.read.1.tlog
c:\users\shajay.b\source\repos\alice2017\alice_platform\x64\release\alice_pl.1fef191e.tlog\link.write.1.tlog
