c:\users\shajay.b\source\repos\alice2017\alice_platform\x64\debug\vc141.pdb
c:\users\shajay.b\source\repos\alice2017\alice_platform\x64\debug\alglibinternal.obj
c:\users\shajay.b\source\repos\alice2017\alice_platform\x64\debug\alglibmisc.obj
c:\users\shajay.b\source\repos\alice2017\alice_platform\x64\debug\ap.obj
c:\users\shajay.b\source\repos\alice2017\alice_platform\x64\debug\clipper.obj
c:\users\shajay.b\source\repos\alice2017\alice_platform\x64\debug\dataanalysis.obj
c:\users\shajay.b\source\repos\alice2017\alice_platform\x64\debug\diffequations.obj
c:\users\shajay.b\source\repos\alice2017\alice_platform\x64\debug\fasttransforms.obj
c:\users\shajay.b\source\repos\alice2017\alice_platform\x64\debug\integration.obj
c:\users\shajay.b\source\repos\alice2017\alice_platform\x64\debug\interpolation.obj
c:\users\shajay.b\source\repos\alice2017\alice_platform\x64\debug\linalg.obj
c:\users\shajay.b\source\repos\alice2017\alice_platform\x64\debug\optimization.obj
c:\users\shajay.b\source\repos\alice2017\alice_platform\x64\debug\sketch_alglibtest.obj
c:\users\shajay.b\source\repos\alice2017\alice_platform\x64\debug\sketch_barysubdivide.obj
c:\users\shajay.b\source\repos\alice2017\alice_platform\x64\debug\sketch_commandstacktest.obj
c:\users\shajay.b\source\repos\alice2017\alice_platform\x64\debug\sketch_contours.obj
c:\users\shajay.b\source\repos\alice2017\alice_platform\x64\debug\sketch_contours_v2.obj
c:\users\shajay.b\source\repos\alice2017\alice_platform\x64\debug\sketch_convexhull_graham.obj
c:\users\shajay.b\source\repos\alice2017\alice_platform\x64\debug\sketch_convexhull_test.obj
c:\users\shajay.b\source\repos\alice2017\alice_platform\x64\debug\sketch_corep_v1.obj
c:\users\shajay.b\source\repos\alice2017\alice_platform\x64\debug\sketch_crosssection0.obj
c:\users\shajay.b\source\repos\alice2017\alice_platform\x64\debug\sketch_imgui_freeglut.obj
c:\users\shajay.b\source\repos\alice2017\alice_platform\x64\debug\sketch_libgizmo_test.obj
c:\users\shajay.b\source\repos\alice2017\alice_platform\x64\debug\sketch_linesegment_intersect.obj
c:\users\shajay.b\source\repos\alice2017\alice_platform\x64\debug\sketch_metameshtester_graphoffset.obj
c:\users\shajay.b\source\repos\alice2017\alice_platform\x64\debug\sketch_picking.obj
c:\users\shajay.b\source\repos\alice2017\alice_platform\x64\debug\sketch_polyclippertest.obj
c:\users\shajay.b\source\repos\alice2017\alice_platform\x64\debug\sketch_polygonlintersection_class.obj
c:\users\shajay.b\source\repos\alice2017\alice_platform\x64\debug\sketch_polyhedralintersection.obj
c:\users\shajay.b\source\repos\alice2017\alice_platform\x64\debug\sketch_populategragh_v2.obj
c:\users\shajay.b\source\repos\alice2017\alice_platform\x64\debug\sketch_populategraph.obj
c:\users\shajay.b\source\repos\alice2017\alice_platform\x64\debug\sketch_printstackgenerator.obj
c:\users\shajay.b\source\repos\alice2017\alice_platform\x64\debug\sketch_quickhull.obj
c:\users\shajay.b\source\repos\alice2017\alice_platform\x64\debug\sketch_rbe_test.obj
c:\users\shajay.b\source\repos\alice2017\alice_platform\x64\debug\sketch_rendermeshtest.obj
c:\users\shajay.b\source\repos\alice2017\alice_platform\x64\debug\sketch_rigidcubesim.obj
c:\users\shajay.b\source\repos\alice2017\alice_platform\x64\debug\sketch_threerigidcubes.obj
c:\users\shajay.b\source\repos\alice2017\alice_platform\x64\debug\sketch_two_rectangles.obj
c:\users\shajay.b\source\repos\alice2017\alice_platform\x64\debug\solvers.obj
c:\users\shajay.b\source\repos\alice2017\alice_platform\x64\debug\specialfunctions.obj
c:\users\shajay.b\source\repos\alice2017\alice_platform\x64\debug\statistics.obj
c:\users\shajay.b\source\repos\alice2017\alice_platform\x64\debug\vc141.idb
c:\users\shajay.b\source\repos\alice2017\alice_platform\x64\debug\alice_pl.1fef191e.tlog\cl.command.1.tlog
c:\users\shajay.b\source\repos\alice2017\alice_platform\x64\debug\alice_pl.1fef191e.tlog\cl.read.1.tlog
c:\users\shajay.b\source\repos\alice2017\alice_platform\x64\debug\alice_pl.1fef191e.tlog\cl.write.1.tlog
